Flow report for computer
Fri Apr 07 11:31:56 2017
Quartus II 64-Bit Version 13.0.1 Build 232 06/12/2013 Service Pack 1 SJ Web Edition


---------------------
; Table of Contents ;
---------------------
  1. Legal Notice
  2. Flow Summary
  3. Flow Settings
  4. Flow Non-Default Global Settings
  5. Flow Elapsed Time
  6. Flow OS Summary
  7. Flow Log
  8. Flow Messages
  9. Flow Suppressed Messages



----------------
; Legal Notice ;
----------------
Copyright (C) 1991-2013 Altera Corporation
Your use of Altera Corporation's design tools, logic functions 
and other software and tools, and its AMPP partner logic 
functions, and any output files from any of the foregoing 
(including device programming or simulation files), and any 
associated documentation or information are expressly subject 
to the terms and conditions of the Altera Program License 
Subscription Agreement, Altera MegaCore Function License 
Agreement, or other applicable license agreement, including, 
without limitation, that your use is for the sole purpose of 
programming logic devices manufactured by Altera and sold by 
Altera or its authorized distributors.  Please refer to the 
applicable agreement for further details.



+--------------------------------------------------------------------------------------+
; Flow Summary                                                                         ;
+------------------------------------+-------------------------------------------------+
; Flow Status                        ; Successful - Fri Apr 07 11:31:56 2017           ;
; Quartus II 64-Bit Version          ; 13.0.1 Build 232 06/12/2013 SP 1 SJ Web Edition ;
; Revision Name                      ; computer                                        ;
; Top-level Entity Name              ; computer                                        ;
; Family                             ; Cyclone III                                     ;
; Device                             ; EP3C16F484C6                                    ;
; Timing Models                      ; Final                                           ;
; Total logic elements               ; 0 / 15,408 ( 0 % )                              ;
;     Total combinational functions  ; 0 / 15,408 ( 0 % )                              ;
;     Dedicated logic registers      ; 0 / 15,408 ( 0 % )                              ;
; Total registers                    ; 0                                               ;
; Total pins                         ; 33 / 347 ( 10 % )                               ;
; Total virtual pins                 ; 0                                               ;
; Total memory bits                  ; 0 / 516,096 ( 0 % )                             ;
; Embedded Multiplier 9-bit elements ; 0 / 112 ( 0 % )                                 ;
; Total PLLs                         ; 0 / 4 ( 0 % )                                   ;
+------------------------------------+-------------------------------------------------+


+-----------------------------------------+
; Flow Settings                           ;
+-------------------+---------------------+
; Option            ; Setting             ;
+-------------------+---------------------+
; Start date & time ; 04/07/2017 11:31:42 ;
; Main task         ; Compilation         ;
; Revision Name     ; computer            ;
+-------------------+---------------------+


+-----------------------------------------------------------------------------------------------------------------------------+
; Flow Non-Default Global Settings                                                                                            ;
+--------------------------------------+---------------------------------------+---------------+-------------+----------------+
; Assignment Name                      ; Value                                 ; Default Value ; Entity Name ; Section Id     ;
+--------------------------------------+---------------------------------------+---------------+-------------+----------------+
; COMPILER_SIGNATURE_ID                ; 190016749745526.149157910208940       ; --            ; --          ; --             ;
; EDA_DESIGN_INSTANCE_NAME             ; NA                                    ; --            ; --          ; computer_tb    ;
; EDA_DESIGN_INSTANCE_NAME             ; NA                                    ; --            ; --          ; booth32_tb     ;
; EDA_DESIGN_INSTANCE_NAME             ; NA                                    ; --            ; --          ; cla16_tb       ;
; EDA_DESIGN_INSTANCE_NAME             ; NA                                    ; --            ; --          ; computerP2_tb  ;
; EDA_DESIGN_INSTANCE_NAME             ; NA                                    ; --            ; --          ; computerP3_tb  ;
; EDA_NATIVELINK_SIMULATION_TEST_BENCH ; computerP3_tb                         ; --            ; --          ; eda_simulation ;
; EDA_OUTPUT_DATA_FORMAT               ; Verilog Hdl                           ; --            ; --          ; eda_simulation ;
; EDA_SIMULATION_TOOL                  ; ModelSim-Altera (Verilog)             ; <None>        ; --          ; --             ;
; EDA_TEST_BENCH_ENABLE_STATUS         ; TEST_BENCH_MODE                       ; --            ; --          ; eda_simulation ;
; EDA_TEST_BENCH_FILE                  ; computer_tb.v                         ; --            ; --          ; computer_tb    ;
; EDA_TEST_BENCH_FILE                  ; booth32_tb.v                          ; --            ; --          ; booth32_tb     ;
; EDA_TEST_BENCH_FILE                  ; cla16_tb.v                            ; --            ; --          ; cla16_tb       ;
; EDA_TEST_BENCH_FILE                  ; computerP2_tb.v                       ; --            ; --          ; computerP2_tb  ;
; EDA_TEST_BENCH_FILE                  ; computerP3_tb.v                       ; --            ; --          ; computerP3_tb  ;
; EDA_TEST_BENCH_MODULE_NAME           ; computer_tb                           ; --            ; --          ; computer_tb    ;
; EDA_TEST_BENCH_MODULE_NAME           ; booth32_tb                            ; --            ; --          ; booth32_tb     ;
; EDA_TEST_BENCH_MODULE_NAME           ; cla16_tb                              ; --            ; --          ; cla16_tb       ;
; EDA_TEST_BENCH_MODULE_NAME           ; computerP2_tb                         ; --            ; --          ; computerP2_tb  ;
; EDA_TEST_BENCH_MODULE_NAME           ; computerP3_tb                         ; --            ; --          ; computerP3_tb  ;
; EDA_TEST_BENCH_NAME                  ; computer_tb                           ; --            ; --          ; eda_simulation ;
; EDA_TEST_BENCH_NAME                  ; booth32_tb                            ; --            ; --          ; eda_simulation ;
; EDA_TEST_BENCH_NAME                  ; cla16_tb                              ; --            ; --          ; eda_simulation ;
; EDA_TEST_BENCH_NAME                  ; computerP2_tb                         ; --            ; --          ; eda_simulation ;
; EDA_TEST_BENCH_NAME                  ; computerP3_tb                         ; --            ; --          ; eda_simulation ;
; EDA_TEST_BENCH_RUN_SIM_FOR           ; 500 ns                                ; --            ; --          ; computer_tb    ;
; EDA_TEST_BENCH_RUN_SIM_FOR           ; 500 ns                                ; --            ; --          ; booth32_tb     ;
; EDA_TEST_BENCH_RUN_SIM_FOR           ; 500 ns                                ; --            ; --          ; cla16_tb       ;
; EDA_TEST_BENCH_RUN_SIM_FOR           ; 30 ns                                 ; --            ; --          ; computerP2_tb  ;
; EDA_TEST_BENCH_RUN_SIM_FOR           ; 200 ns                                ; --            ; --          ; computerP3_tb  ;
; EDA_TIME_SCALE                       ; 1 ps                                  ; --            ; --          ; eda_simulation ;
; IP_TOOL_NAME                         ; LPM_ADD_SUB                           ; --            ; --          ; --             ;
; IP_TOOL_NAME                         ; LPM_ADD_SUB                           ; --            ; --          ; --             ;
; IP_TOOL_NAME                         ; LPM_DIVIDE                            ; --            ; --          ; --             ;
; IP_TOOL_NAME                         ; LPM_MULT                              ; --            ; --          ; --             ;
; IP_TOOL_NAME                         ; LPM_ADD_SUB                           ; --            ; --          ; --             ;
; IP_TOOL_NAME                         ; LPM_CLSHIFT                           ; --            ; --          ; --             ;
; IP_TOOL_NAME                         ; LPM_CLSHIFT                           ; --            ; --          ; --             ;
; IP_TOOL_NAME                         ; LPM_CLSHIFT                           ; --            ; --          ; --             ;
; IP_TOOL_NAME                         ; LPM_CLSHIFT                           ; --            ; --          ; --             ;
; IP_TOOL_NAME                         ; LPM_DECODE                            ; --            ; --          ; --             ;
; IP_TOOL_NAME                         ; LPM_COMPARE                           ; --            ; --          ; --             ;
; IP_TOOL_VERSION                      ; 13.0                                  ; --            ; --          ; --             ;
; IP_TOOL_VERSION                      ; 13.0                                  ; --            ; --          ; --             ;
; IP_TOOL_VERSION                      ; 13.0                                  ; --            ; --          ; --             ;
; IP_TOOL_VERSION                      ; 13.0                                  ; --            ; --          ; --             ;
; IP_TOOL_VERSION                      ; 13.0                                  ; --            ; --          ; --             ;
; IP_TOOL_VERSION                      ; 13.0                                  ; --            ; --          ; --             ;
; IP_TOOL_VERSION                      ; 13.0                                  ; --            ; --          ; --             ;
; IP_TOOL_VERSION                      ; 13.0                                  ; --            ; --          ; --             ;
; IP_TOOL_VERSION                      ; 13.0                                  ; --            ; --          ; --             ;
; IP_TOOL_VERSION                      ; 13.0                                  ; --            ; --          ; --             ;
; IP_TOOL_VERSION                      ; 13.0                                  ; --            ; --          ; --             ;
; MAX_CORE_JUNCTION_TEMP               ; 85                                    ; --            ; --          ; --             ;
; MIN_CORE_JUNCTION_TEMP               ; 0                                     ; --            ; --          ; --             ;
; MISC_FILE                            ; add32_bb.v                            ; --            ; --          ; --             ;
; MISC_FILE                            ; sub32_bb.v                            ; --            ; --          ; --             ;
; MISC_FILE                            ; div32_bb.v                            ; --            ; --          ; --             ;
; MISC_FILE                            ; mul32_bb.v                            ; --            ; --          ; --             ;
; MISC_FILE                            ; addOne_bb.v                           ; --            ; --          ; --             ;
; MISC_FILE                            ; shl32_bb.v                            ; --            ; --          ; --             ;
; MISC_FILE                            ; shr32_bb.v                            ; --            ; --          ; --             ;
; MISC_FILE                            ; rol32_bb.v                            ; --            ; --          ; --             ;
; MISC_FILE                            ; ror32_bb.v                            ; --            ; --          ; --             ;
; MISC_FILE                            ; Decode4to16_bb.v                      ; --            ; --          ; --             ;
; MISC_FILE                            ; conFFCompare_bb.v                     ; --            ; --          ; --             ;
; NOMINAL_CORE_SUPPLY_VOLTAGE          ; 1.2V                                  ; --            ; --          ; --             ;
; PARTITION_COLOR                      ; 16764057                              ; --            ; --          ; Top            ;
; PARTITION_FITTER_PRESERVATION_LEVEL  ; PLACEMENT_AND_ROUTING                 ; --            ; --          ; Top            ;
; PARTITION_NETLIST_TYPE               ; SOURCE                                ; --            ; --          ; Top            ;
; POWER_BOARD_THERMAL_MODEL            ; None (CONSERVATIVE)                   ; --            ; --          ; --             ;
; POWER_PRESET_COOLING_SOLUTION        ; 23 MM HEAT SINK WITH 200 LFPM AIRFLOW ; --            ; --          ; --             ;
; PROJECT_OUTPUT_DIRECTORY             ; output_files                          ; --            ; --          ; --             ;
+--------------------------------------+---------------------------------------+---------------+-------------+----------------+


+-------------------------------------------------------------------------------------------------------------------------------+
; Flow Elapsed Time                                                                                                             ;
+---------------------------+--------------+-------------------------+---------------------+------------------------------------+
; Module Name               ; Elapsed Time ; Average Processors Used ; Peak Virtual Memory ; Total CPU Time (on all processors) ;
+---------------------------+--------------+-------------------------+---------------------+------------------------------------+
; Analysis & Synthesis      ; 00:00:02     ; 1.0                     ; 491 MB              ; 00:00:02                           ;
; Fitter                    ; 00:00:05     ; 1.0                     ; 626 MB              ; 00:00:05                           ;
; Assembler                 ; 00:00:01     ; 1.0                     ; 417 MB              ; 00:00:01                           ;
; TimeQuest Timing Analyzer ; 00:00:02     ; 1.0                     ; 434 MB              ; 00:00:01                           ;
; EDA Netlist Writer        ; 00:00:00     ; 1.0                     ; 369 MB              ; 00:00:01                           ;
; Total                     ; 00:00:10     ; --                      ; --                  ; 00:00:10                           ;
+---------------------------+--------------+-------------------------+---------------------+------------------------------------+


+----------------------------------------------------------------------------------------+
; Flow OS Summary                                                                        ;
+---------------------------+------------------+-----------+------------+----------------+
; Module Name               ; Machine Hostname ; OS Name   ; OS Version ; Processor type ;
+---------------------------+------------------+-----------+------------+----------------+
; Analysis & Synthesis      ; Lenovo-Kyle      ; Windows 7 ; 6.2        ; x86_64         ;
; Fitter                    ; Lenovo-Kyle      ; Windows 7 ; 6.2        ; x86_64         ;
; Assembler                 ; Lenovo-Kyle      ; Windows 7 ; 6.2        ; x86_64         ;
; TimeQuest Timing Analyzer ; Lenovo-Kyle      ; Windows 7 ; 6.2        ; x86_64         ;
; EDA Netlist Writer        ; Lenovo-Kyle      ; Windows 7 ; 6.2        ; x86_64         ;
+---------------------------+------------------+-----------+------------+----------------+


------------
; Flow Log ;
------------
quartus_map --read_settings_files=on --write_settings_files=off computer -c computer
quartus_fit --read_settings_files=off --write_settings_files=off computer -c computer
quartus_asm --read_settings_files=off --write_settings_files=off computer -c computer
quartus_sta computer -c computer
quartus_eda --read_settings_files=off --write_settings_files=off computer -c computer



